
<html>
  <head>
    <title>Lab 03 - Graded Solution</title>
  </head>
  <body>
    <h1>Lab 03 - Graded Solution</h1>
    <p><b>You scored 0% = 0.0 points for this lab.</b></p>
    <ul>
      <li><b>Sort ints</b>
      <ul>
      <li>Grade Percentage: 6</li>
      <li>Your solution failed this test case! taking 1.580 sec</Li>
<li><pre>NameError: name 'a' is not defined</pre></li>
<li><pre>Traceback (most recent call last):
  File "/Users/lord_pretzel/.pyenv/versions/3.9.0/lib/python3.9/site-packages/grader-0.0.1-py3.9.egg/grader/execution_base.py", line 60, in call_test_function
    test_function(
  File "/Users/lord_pretzel/.pyenv/versions/3.9.0/lib/python3.9/site-packages/grader-0.0.1-py3.9.egg/grader/core.py", line 48, in wrapper
    result = test_function(module, *args, **kwargs)
  File "/var/folders/f7/xnz8v_b13td37s3k4w8t5j2h0000gn/T/tmpm68ucf2q/lab03-test.py", line 11, in test1_1
    sortedints = m.module.mysort(ints, intcmp)
  File "<tested-program>", line 25, in mysort
NameError: name 'a' is not defined
</pre></li>
      </ul>
      </li>
      <li><b>Sort strings based on their last character</b>
      <ul>
      <li>Grade Percentage: 6</li>
      <li>Your solution failed this test case! taking 1.122 sec</Li>
<li><pre>NameError: name 'a' is not defined</pre></li>
<li><pre>Traceback (most recent call last):
  File "/Users/lord_pretzel/.pyenv/versions/3.9.0/lib/python3.9/site-packages/grader-0.0.1-py3.9.egg/grader/execution_base.py", line 60, in call_test_function
    test_function(
  File "/Users/lord_pretzel/.pyenv/versions/3.9.0/lib/python3.9/site-packages/grader-0.0.1-py3.9.egg/grader/core.py", line 48, in wrapper
    result = test_function(module, *args, **kwargs)
  File "/var/folders/f7/xnz8v_b13td37s3k4w8t5j2h0000gn/T/tmpisqrlhih/lab03-test.py", line 21, in test1_2
    sortedstrs = m.module.mysort(strs,suffixcmp)
  File "<tested-program>", line 25, in mysort
NameError: name 'a' is not defined
</pre></li>
      </ul>
      </li>
      <li><b>Sort students on their GPA</b>
      <ul>
      <li>Grade Percentage: 6</li>
      <li>Your solution failed this test case! taking 1.094 sec</Li>
<li><pre>NameError: name 'a' is not defined</pre></li>
<li><pre>Traceback (most recent call last):
  File "/Users/lord_pretzel/.pyenv/versions/3.9.0/lib/python3.9/site-packages/grader-0.0.1-py3.9.egg/grader/execution_base.py", line 60, in call_test_function
    test_function(
  File "/Users/lord_pretzel/.pyenv/versions/3.9.0/lib/python3.9/site-packages/grader-0.0.1-py3.9.egg/grader/core.py", line 48, in wrapper
    result = test_function(module, *args, **kwargs)
  File "/var/folders/f7/xnz8v_b13td37s3k4w8t5j2h0000gn/T/tmp_6oeb6rz/lab03-test.py", line 30, in test1_3
    sortedstudents = m.module.mysort(students, lambda x,y: 0 if x.gpa == y.gpa else (-1 if x.gpa < y.gpa else 1))
  File "<tested-program>", line 25, in mysort
NameError: name 'a' is not defined
</pre></li>
      </ul>
      </li>
      <li><b>Binary search for ints</b>
      <ul>
      <li>Grade Percentage: 6</li>
      <li>Your solution failed this test case! taking 1.111 sec</Li>
<li><pre>NameError: name 'a' is not defined</pre></li>
<li><pre>Traceback (most recent call last):
  File "/Users/lord_pretzel/.pyenv/versions/3.9.0/lib/python3.9/site-packages/grader-0.0.1-py3.9.egg/grader/execution_base.py", line 60, in call_test_function
    test_function(
  File "/Users/lord_pretzel/.pyenv/versions/3.9.0/lib/python3.9/site-packages/grader-0.0.1-py3.9.egg/grader/core.py", line 48, in wrapper
    result = test_function(module, *args, **kwargs)
  File "/var/folders/f7/xnz8v_b13td37s3k4w8t5j2h0000gn/T/tmpddo_zgm5/lab03-test.py", line 41, in test1_4
    sortedints = m.module.mysort(ints, intcmp)
  File "<tested-program>", line 25, in mysort
NameError: name 'a' is not defined
</pre></li>
      </ul>
      </li>
      <li><b>Binary search for students by GPA</b>
      <ul>
      <li>Grade Percentage: 6</li>
      <li>Your solution failed this test case! taking 1.131 sec</Li>
<li><pre>NameError: name 'a' is not defined</pre></li>
<li><pre>Traceback (most recent call last):
  File "/Users/lord_pretzel/.pyenv/versions/3.9.0/lib/python3.9/site-packages/grader-0.0.1-py3.9.egg/grader/execution_base.py", line 60, in call_test_function
    test_function(
  File "/Users/lord_pretzel/.pyenv/versions/3.9.0/lib/python3.9/site-packages/grader-0.0.1-py3.9.egg/grader/core.py", line 48, in wrapper
    result = test_function(module, *args, **kwargs)
  File "/var/folders/f7/xnz8v_b13td37s3k4w8t5j2h0000gn/T/tmpwm827o3m/lab03-test.py", line 54, in test1_5
    sortedstudents = m.module.mysort(students, stcmp)
  File "<tested-program>", line 25, in mysort
NameError: name 'a' is not defined
</pre></li>
      </ul>
      </li>
      <li><b>Search for substrings in hello world</b>
      <ul>
      <li>Grade Percentage: 15</li>
      <li>Your solution failed this test case! taking 1.134 sec</Li>
<li><pre>NameError: name 'a' is not defined</pre></li>
<li><pre>Traceback (most recent call last):
  File "/Users/lord_pretzel/.pyenv/versions/3.9.0/lib/python3.9/site-packages/grader-0.0.1-py3.9.egg/grader/execution_base.py", line 60, in call_test_function
    test_function(
  File "/Users/lord_pretzel/.pyenv/versions/3.9.0/lib/python3.9/site-packages/grader-0.0.1-py3.9.egg/grader/core.py", line 48, in wrapper
    result = test_function(module, *args, **kwargs)
  File "/var/folders/f7/xnz8v_b13td37s3k4w8t5j2h0000gn/T/tmpodht0k5h/lab03-test.py", line 63, in test2_1
    p = m.module.PrefixSearcher("Hello World!", 1)
  File "<tested-program>", line 145, in __init__
  File "<tested-program>", line 25, in mysort
NameError: name 'a' is not defined
</pre></li>
      </ul>
      </li>
      <li><b>Search for substrings in Moby Dick</b>
      <ul>
      <li>Grade Percentage: 15</li>
      <li>Your solution failed this test case! taking 2.779 sec</Li>
<li><pre>NameError: name 'a' is not defined</pre></li>
<li><pre>Traceback (most recent call last):
  File "/Users/lord_pretzel/.pyenv/versions/3.9.0/lib/python3.9/site-packages/grader-0.0.1-py3.9.egg/grader/execution_base.py", line 60, in call_test_function
    test_function(
  File "/Users/lord_pretzel/.pyenv/versions/3.9.0/lib/python3.9/site-packages/grader-0.0.1-py3.9.egg/grader/core.py", line 48, in wrapper
    result = test_function(module, *args, **kwargs)
  File "/var/folders/f7/xnz8v_b13td37s3k4w8t5j2h0000gn/T/tmpbn8esmak/lab03-test.py", line 81, in test2_2
    p = m.module.PrefixSearcher(md_text[0:1000],4)
  File "<tested-program>", line 145, in __init__
  File "<tested-program>", line 25, in mysort
NameError: name 'a' is not defined
</pre></li>
      </ul>
      </li>
      <li><b>Search for substrings in hello world using suffix array</b>
      <ul>
      <li>Grade Percentage: 20</li>
      <li>Your solution failed this test case! taking 1.200 sec</Li>
<li><pre>NameError: name 'a' is not defined</pre></li>
<li><pre>Traceback (most recent call last):
  File "/Users/lord_pretzel/.pyenv/versions/3.9.0/lib/python3.9/site-packages/grader-0.0.1-py3.9.egg/grader/execution_base.py", line 60, in call_test_function
    test_function(
  File "/Users/lord_pretzel/.pyenv/versions/3.9.0/lib/python3.9/site-packages/grader-0.0.1-py3.9.egg/grader/core.py", line 48, in wrapper
    result = test_function(module, *args, **kwargs)
  File "/var/folders/f7/xnz8v_b13td37s3k4w8t5j2h0000gn/T/tmp1_wgih01/lab03-test.py", line 89, in test3_1
    s = m.module.SuffixArray("Hello World!")
  File "<tested-program>", line 219, in __init__
  File "<tested-program>", line 25, in mysort
NameError: name 'a' is not defined
</pre></li>
      </ul>
      </li>
      <li><b>Search for substrings in Moby Dick using suffix array</b>
      <ul>
      <li>Grade Percentage: 20</li>
      <li>Your solution failed this test case! taking 3.196 sec</Li>
<li><pre>NameError: name 'a' is not defined</pre></li>
<li><pre>Traceback (most recent call last):
  File "/Users/lord_pretzel/.pyenv/versions/3.9.0/lib/python3.9/site-packages/grader-0.0.1-py3.9.egg/grader/execution_base.py", line 60, in call_test_function
    test_function(
  File "/Users/lord_pretzel/.pyenv/versions/3.9.0/lib/python3.9/site-packages/grader-0.0.1-py3.9.egg/grader/core.py", line 48, in wrapper
    result = test_function(module, *args, **kwargs)
  File "/var/folders/f7/xnz8v_b13td37s3k4w8t5j2h0000gn/T/tmpr6b9ep0e/lab03-test.py", line 104, in test3_2
    s = m.module.SuffixArray(md_text[0:1000])
  File "<tested-program>", line 219, in __init__
  File "<tested-program>", line 25, in mysort
NameError: name 'a' is not defined
</pre></li>
      </ul>
      </li>
    </ul>
  </body>
</html>
